<?xml version="1.0" encoding="UTF-8"?>
<testng-results ignored="0" total="1" passed="1" failed="0" skipped="0">
  <reporter-output>
  </reporter-output>
  <suite started-at="2021-03-10T11:24:29 IST" name="Default suite" finished-at="2021-03-10T11:24:36 IST" duration-ms="6932">
    <groups>
      <group name="cucumber">
        <method signature="AbstractTestNGCucumberTests.runScenario(io.cucumber.testng.PickleWrapper, io.cucumber.testng.FeatureWrapper)[pri:0, instance:runners.RunnerNegativeTest@15bbf42f]" name="runScenario" class="io.cucumber.testng.AbstractTestNGCucumberTests"/>
      </group> <!-- cucumber -->
    </groups>
    <test started-at="2021-03-10T11:24:29 IST" name="Default test" finished-at="2021-03-10T11:24:36 IST" duration-ms="6932">
      <class name="runners.RunnerNegativeTest">
        <test-method is-config="true" signature="setUpClass()[pri:0, instance:runners.RunnerNegativeTest@15bbf42f]" started-at="2021-03-10T11:24:29 IST" name="setUpClass" finished-at="2021-03-10T11:24:30 IST" duration-ms="796" status="PASS">
          <reporter-output>
          </reporter-output>
        </test-method> <!-- setUpClass -->
        <test-method signature="runScenario(io.cucumber.testng.PickleWrapper, io.cucumber.testng.FeatureWrapper)[pri:0, instance:runners.RunnerNegativeTest@15bbf42f]" started-at="2021-03-10T11:24:30 IST" name="runScenario" description="Runs Cucumber Scenarios" data-provider="scenarios" finished-at="2021-03-10T11:24:36 IST" duration-ms="5979" status="PASS">
          <params>
            <param index="0">
              <value>
                <![CDATA["Checking the Response Code Receieved"]]>
              </value>
            </param>
            <param index="1">
              <value>
                <![CDATA["Optional[Negative Response Code]"]]>
              </value>
            </param>
          </params>
          <reporter-output>
          </reporter-output>
        </test-method> <!-- runScenario -->
        <test-method is-config="true" signature="tearDownClass()[pri:0, instance:runners.RunnerNegativeTest@15bbf42f]" started-at="2021-03-10T11:24:36 IST" name="tearDownClass" finished-at="2021-03-10T11:24:36 IST" duration-ms="48" status="PASS">
          <reporter-output>
          </reporter-output>
        </test-method> <!-- tearDownClass -->
      </class> <!-- runners.RunnerNegativeTest -->
    </test> <!-- Default test -->
  </suite> <!-- Default suite -->
</testng-results>
