<?xml version="1.0" encoding="UTF-8"?>
<testng-results ignored="0" total="2" passed="2" failed="0" skipped="0">
  <reporter-output>
    <line>
      <![CDATA[Date: 2010-01-12 was checked]]>
    </line>
    <line>
      <![CDATA[Date: 2015-01-12 was checked]]>
    </line>
  </reporter-output>
  <suite started-at="2021-03-10T14:27:31 IST" name="Default suite" finished-at="2021-03-10T14:27:38 IST" duration-ms="6246">
    <groups>
    </groups>
    <test started-at="2021-03-10T14:27:31 IST" name="Default test" finished-at="2021-03-10T14:27:38 IST" duration-ms="6246">
      <class name="stepdefinition.DataProviderTestngReports">
        <test-method signature="f(java.lang.String)[pri:0, instance:stepdefinition.DataProviderTestngReports@3e6ef8ad]" started-at="2021-03-10T14:27:32 IST" name="f" data-provider="dp" finished-at="2021-03-10T14:27:37 IST" duration-ms="5688" status="PASS">
          <params>
            <param index="0">
              <value>
                <![CDATA[2010-01-12]]>
              </value>
            </param>
          </params>
          <reporter-output>
            <line>
              <![CDATA[Date: 2010-01-12 was checked]]>
            </line>
          </reporter-output>
        </test-method> <!-- f -->
        <test-method signature="f(java.lang.String)[pri:0, instance:stepdefinition.DataProviderTestngReports@3e6ef8ad]" started-at="2021-03-10T14:27:37 IST" name="f" data-provider="dp" finished-at="2021-03-10T14:27:38 IST" duration-ms="441" status="PASS">
          <params>
            <param index="0">
              <value>
                <![CDATA[2015-01-12]]>
              </value>
            </param>
          </params>
          <reporter-output>
            <line>
              <![CDATA[Date: 2015-01-12 was checked]]>
            </line>
          </reporter-output>
        </test-method> <!-- f -->
      </class> <!-- stepdefinition.DataProviderTestngReports -->
    </test> <!-- Default test -->
  </suite> <!-- Default suite -->
</testng-results>
